[LOG] System::create                           : Header version = 2.02.26. Current version = 2.02.26.
[LOG] Manager::init                            : maxchannels = 256 studioflags = 00000006 flags 00000000 extradriverdata 0000000000000000.
[LOG] SystemI::init                            : Initialize version=20226 (148250), maxchannels=256, flags=0x00020000
[LOG] SystemI::setOutputInternal               : Setting output to 'FMOD WASAPI Output'
[LOG] OutputWASAPI::init                       : Mix Format (WAVEFORMATEX): wFormatTag=0xFFFE, nChannels=2, nSamplesPerSec=96000, nAvgBytesPerSec=768000, nBlockAlign=8, wBitsPerSample=32, cbSize=22.
[LOG] OutputWASAPI::init                       : Mix Format (WAVEFORMATEXTENSIBLE): wValidBitsPerSample=32, dwChannelMask=0x00000003, SubFormat=00000003-0000-0010-8000-00AA00389B71.
[LOG] OutputWASAPI::init                       : Output buffer size: 8192 samples, latency: 0.00ms, period: 10.00ms, DSP buffer: 1024 * 4
[LOG] SystemI::init                            : Output requires a sample rate of 96000Hz, resampling will occur.
[LOG] Thread::initThread                       : Init FMOD stream thread. Affinity: 0x4000000000000003, Priority: 0xFFFF7FFB, Stack Size: 98304, Semaphore: No, Sleep Time: 10, Looping: Yes.
[LOG] Thread::initThread                       : Init FMOD mixer thread. Affinity: 0x4000000000000001, Priority: 0xFFFF7FFA, Stack Size: 81920, Semaphore: No, Sleep Time: 0, Looping: Yes.
[LOG] AsyncManager::init                       : manager 000002DE72D01D48 isAsync 0 updatePeriod 0.02
[LOG] AsyncManager::init                       : done
[LOG] PlaybackSystem::init                     : 
[LOG] Thread::initThread                       : Init FMOD Studio sample load thread. Affinity: 0x4000000000000003, Priority: 0xFFFF7FFD, Stack Size: 98304, Semaphore: No, Sleep Time: 1, Looping: No.
[LOG] PlaybackSystem::init                     : done
[LOG] Thread::initThread                       : Init FMOD Studio bank load thread. Affinity: 0x4000000000000003, Priority: 0xFFFF7FFD, Stack Size: 98304, Semaphore: No, Sleep Time: 1, Looping: No.
[LOG] Manager::init                            : done.
[LOG] Manager::readBank                        : fileversion = 142, compatVersion = 140 (oldest = 44, newest = 142)
[LOG] Manager::readBank                        : fileversion = 142, compatVersion = 140 (oldest = 44, newest = 142)
[LOG] PlaybackSystem::acquireMasterBus         : Setting master channel group format to 6
[LOG] SystemI::createSound                     : filename = FMOD/Moments/Build/Desktop/Master.bank : mode 02010082
[LOG] SystemI::createSound                     : FMOD_NONBLOCKING specified.  Putting into queue to be opened asynchronously!
[LOG] Thread::initThread                       : Init FMOD nonblocking thread (0). Affinity: 0x4000000000000003, Priority: 0xFFFF7FFC, Stack Size: 114688, Semaphore: Yes, Sleep Time: 0, Looping: Yes.
[LOG] AsyncThread::add                         : add sound to async queue : soundi = 000002DDA3A58018, queue head = 000002DE5CAADD98, queue count = 0
[LOG] AsyncThread::threadFunc                  : Starting Asynchronous operation on sound 000002DDA3A58018
[LOG] SystemI::createSound                     : filename = FMOD/Moments/Build/Desktop/Master.bank : mode 02010082
[LOG] SystemI::createSoundInternal             :     Create name='FMOD/Moments/Build/Desktop/Master.bank', mode=0x02010082
[LOG] SystemI::createSound                     :     FMOD_NONBLOCKING specified.  Putting into queue to be opened asynchronously!
[LOG] SystemI::createSoundInternal             :     exinfo->cbsize             = 224
[LOG] AsyncThread::add                         :     add sound to async queue : soundi = 000002DDA3A581C8, queue head = 000002DE5CAADD98, queue count = 0
[LOG] SystemI::createSoundInternal             :     exinfo->length             = 5245536
[LOG] SystemI::createSound                     :     filename = FMOD/Moments/Build/Desktop/Master.bank : mode 02010082
[LOG] SystemI::createSoundInternal             :     exinfo->fileoffset         = 35456
[LOG] SystemI::createSoundInternal             :     exinfo->numsubsounds       = 1
[LOG] SystemI::createSound                     :     FMOD_NONBLOCKING specified.  Putting into queue to be opened asynchronously!
[LOG] SystemI::createSoundInternal             :     exinfo->inclusionlist      = 000002DDA3619030
[LOG] AsyncThread::add                         :     add sound to async queue : soundi = 000002DDA3A577A8, queue head = 000002DE5CAADD98, queue count = 1
[LOG] SystemI::createSoundInternal             :     exinfo->inclusionlistnum   = 1
[LOG] SystemI::createSoundInternal             :     exinfo->suggestedsoundtype = 5
[LOG] SystemI::createSound                     :     filename = FMOD/Moments/Build/Desktop/Master.bank : mode 02010082
[LOG] SystemI::createSoundInternal             :     exinfo->initialseekpostype = 1
[LOG] SystemI::createSound                     :     FMOD_NONBLOCKING specified.  Putting into queue to be opened asynchronously!
[LOG] AsyncThread::add                         :     add sound to async queue : soundi = 000002DE5CACEF88, queue head = 000002DE5CAADD98, queue count = 2
[LOG] SystemI::createSound                     :     filename = FMOD/Moments/Build/Desktop/Master.bank : mode 02010082
[LOG] SystemI::createSound                     :     FMOD_NONBLOCKING specified.  Putting into queue to be opened asynchronously!
[LOG] AsyncThread::add                         :     add sound to async queue : soundi = 000002DE5CACF2E8, queue head = 000002DE5CAADD98, queue count = 3
[LOG] SystemI::createSound                     :     filename = FMOD/Moments/Build/Desktop/Master.bank : mode 02010082
[LOG] SystemI::createSound                     :     FMOD_NONBLOCKING specified.  Putting into queue to be opened asynchronously!
[LOG] AsyncThread::add                         :     add sound to async queue : soundi = 000002DE5CACF498, queue head = 000002DE5CAADD98, queue count = 4
[LOG] SystemI::createSound                     :     filename = FMOD/Moments/Build/Desktop/Master.bank : mode 02010082
[LOG] SystemI::createSound                     :     FMOD_NONBLOCKING specified.  Putting into queue to be opened asynchronously!
[LOG] AsyncThread::add                         :     add sound to async queue : soundi = 000002DE5CACEA78, queue head = 000002DE5CAADD98, queue count = 5
[LOG] SystemI::createSoundInternal             :     Stream 0/1: name='Major project PhoneSF', format=5, channels=2, frequency=48000, lengthbytes=744416, lengthpcm=3395779, pcmblocksize=0, loopstart=0, loopend=0, mode=0x00000000, channelmask=0x00000000, channelorder=0, peakvolume=0.103256.
[LOG] Thread::initThread                       :     Init FMOD file thread. Affinity: 0x4000000000000003, Priority: 0xFFFF7FFC, Stack Size: 65536, Semaphore: No, Sleep Time: 10, Looping: Yes.
[LOG] AsyncThread::threadFunc                  : Finished Asynchronous operation on sound 000002DDA3A58018
[LOG] AsyncThread::threadFunc                  : Starting Asynchronous operation on sound 000002DDA3A581C8
[LOG] SystemI::createSoundInternal             :     Create name='FMOD/Moments/Build/Desktop/Master.bank', mode=0x02010082
[LOG] SystemI::createSoundInternal             :     exinfo->cbsize             = 224
[LOG] SystemI::createSoundInternal             :     exinfo->length             = 5245536
[LOG] SystemI::createSoundInternal             :     exinfo->fileoffset         = 35456
[LOG] SystemI::createSoundInternal             :     exinfo->numsubsounds       = 1
[LOG] SystemI::createSoundInternal             :     exinfo->inclusionlist      = 000002DDA3619530
[LOG] SystemI::createSoundInternal             :     exinfo->inclusionlistnum   = 1
[LOG] SystemI::createSoundInternal             :     exinfo->suggestedsoundtype = 5
[LOG] SystemI::createSoundInternal             :     exinfo->initialseekpostype = 1
[LOG] SystemI::createSoundInternal             :     Stream 0/1: name='Major project Piano V2', format=5, channels=2, frequency=48000, lengthbytes=672096, lengthpcm=3395779, pcmblocksize=0, loopstart=0, loopend=0, mode=0x00000000, channelmask=0x00000000, channelorder=0, peakvolume=0.625150.
[LOG] AsyncThread::threadFunc                  : Finished Asynchronous operation on sound 000002DDA3A581C8
[LOG] AsyncThread::threadFunc                  : Starting Asynchronous operation on sound 000002DDA3A577A8
[LOG] SystemI::createSoundInternal             :     Create name='FMOD/Moments/Build/Desktop/Master.bank', mode=0x02010082
[LOG] SystemI::createSoundInternal             :     exinfo->cbsize             = 224
[LOG] SystemI::createSoundInternal             :     exinfo->length             = 5245536
[LOG] SystemI::createSoundInternal             :     exinfo->fileoffset         = 35456
[LOG] SystemI::createSoundInternal             :     exinfo->numsubsounds       = 1
[LOG] SystemI::createSoundInternal             :     exinfo->inclusionlist      = 000002DDA3618DB0
[LOG] SystemI::createSoundInternal             :     exinfo->inclusionlistnum   = 1
[LOG] SystemI::createSoundInternal             :     exinfo->suggestedsoundtype = 5
[LOG] SystemI::createSoundInternal             :     exinfo->initialseekpostype = 1
[LOG] SystemI::createSoundInternal             :     Stream 0/1: name='Major project VS Bells', format=5, channels=2, frequency=48000, lengthbytes=664032, lengthpcm=3395779, pcmblocksize=0, loopstart=0, loopend=0, mode=0x00000000, channelmask=0x00000000, channelorder=0, peakvolume=0.428816.
[LOG] AsyncThread::threadFunc                  : Finished Asynchronous operation on sound 000002DDA3A577A8
[LOG] AsyncThread::threadFunc                  : Starting Asynchronous operation on sound 000002DE5CACEF88
[LOG] SystemI::createSoundInternal             :     Create name='FMOD/Moments/Build/Desktop/Master.bank', mode=0x02010082
[LOG] SystemI::createSoundInternal             :     exinfo->cbsize             = 224
[LOG] SystemI::createSoundInternal             :     exinfo->length             = 5245536
[LOG] SystemI::createSoundInternal             :     exinfo->fileoffset         = 35456
[LOG] SystemI::createSoundInternal             :     exinfo->numsubsounds       = 1
[LOG] SystemI::createSoundInternal             :     exinfo->inclusionlist      = 000002DDA36198F0
[LOG] SystemI::createSoundInternal             :     exinfo->inclusionlistnum   = 1
[LOG] SystemI::createSoundInternal             :     exinfo->suggestedsoundtype = 5
[LOG] SystemI::createSoundInternal             :     exinfo->initialseekpostype = 1
[LOG] SystemI::createSoundInternal             :     Stream 0/1: name='Major project Viola', format=5, channels=2, frequency=48000, lengthbytes=792352, lengthpcm=3395779, pcmblocksize=0, loopstart=0, loopend=0, mode=0x00000000, channelmask=0x00000000, channelorder=0, peakvolume=0.141677.
[LOG] AsyncThread::threadFunc                  : Finished Asynchronous operation on sound 000002DE5CACEF88
[LOG] AsyncThread::threadFunc                  : Starting Asynchronous operation on sound 000002DE5CACF2E8
[LOG] SystemI::createSoundInternal             :     Create name='FMOD/Moments/Build/Desktop/Master.bank', mode=0x02010082
[LOG] SystemI::createSoundInternal             :     exinfo->cbsize             = 224
[LOG] SystemI::createSoundInternal             :     exinfo->length             = 5245536
[LOG] SystemI::createSoundInternal             :     exinfo->fileoffset         = 35456
[LOG] SystemI::createSoundInternal             :     exinfo->numsubsounds       = 1
[LOG] SystemI::createSoundInternal             :     exinfo->inclusionlist      = 000002DDA3619A30
[LOG] SystemI::createSoundInternal             :     exinfo->inclusionlistnum   = 1
[LOG] SystemI::createSoundInternal             :     exinfo->suggestedsoundtype = 5
[LOG] SystemI::createSoundInternal             :     exinfo->initialseekpostype = 1
[LOG] SystemI::createSoundInternal             :     Stream 0/1: name='Major project PhoneSS', format=5, channels=2, frequency=48000, lengthbytes=675616, lengthpcm=3395779, pcmblocksize=0, loopstart=0, loopend=0, mode=0x00000000, channelmask=0x00000000, channelorder=0, peakvolume=0.100810.
[LOG] AsyncThread::threadFunc                  : Finished Asynchronous operation on sound 000002DE5CACF2E8
[LOG] AsyncThread::threadFunc                  : Starting Asynchronous operation on sound 000002DE5CACF498
[LOG] SystemI::createSoundInternal             :     Create name='FMOD/Moments/Build/Desktop/Master.bank', mode=0x02010082
[LOG] SystemI::createSoundInternal             :     exinfo->cbsize             = 224
[LOG] SystemI::createSoundInternal             :     exinfo->length             = 5245536
[LOG] SystemI::createSoundInternal             :     exinfo->fileoffset         = 35456
[LOG] SystemI::createSoundInternal             :     exinfo->numsubsounds       = 1
[LOG] SystemI::createSoundInternal             :     exinfo->inclusionlist      = 000002DDA3619670
[LOG] SystemI::createSoundInternal             :     exinfo->inclusionlistnum   = 1
[LOG] SystemI::createSoundInternal             :     exinfo->suggestedsoundtype = 5
[LOG] SystemI::createSoundInternal             :     exinfo->initialseekpostype = 1
[LOG] SystemI::createSoundInternal             :     Stream 0/1: name='Major project Cello', format=5, channels=2, frequency=48000, lengthbytes=801120, lengthpcm=3395779, pcmblocksize=0, loopstart=0, loopend=0, mode=0x00000000, channelmask=0x00000000, channelorder=0, peakvolume=0.379043.
[LOG] AsyncThread::threadFunc                  : Finished Asynchronous operation on sound 000002DE5CACF498
[LOG] AsyncThread::threadFunc                  : Starting Asynchronous operation on sound 000002DE5CACEA78
[LOG] SystemI::createSoundInternal             :     Create name='FMOD/Moments/Build/Desktop/Master.bank', mode=0x02010082
[LOG] SystemI::createSoundInternal             :     exinfo->cbsize             = 224
[LOG] SystemI::createSoundInternal             :     exinfo->length             = 5245536
[LOG] SystemI::createSoundInternal             :     exinfo->fileoffset         = 35456
[LOG] SystemI::createSoundInternal             :     exinfo->numsubsounds       = 1
[LOG] SystemI::createSoundInternal             :     exinfo->inclusionlist      = 000002DDA36197B0
[LOG] SystemI::createSoundInternal             :     exinfo->inclusionlistnum   = 1
[LOG] SystemI::createSoundInternal             :     exinfo->suggestedsoundtype = 5
[LOG] SystemI::createSoundInternal             :     exinfo->initialseekpostype = 1
[LOG] SystemI::createSoundInternal             :     Stream 0/1: name='Major project Voilin', format=5, channels=2, frequency=48000, lengthbytes=861024, lengthpcm=3395779, pcmblocksize=0, loopstart=0, loopend=0, mode=0x00000000, channelmask=0x00000000, channelorder=0, peakvolume=0.108371.
[LOG] AsyncThread::threadFunc                  : Finished Asynchronous operation on sound 000002DE5CACEA78
[LOG] SystemI::createSound                     : filename = FMOD/Moments/Build/Desktop/Master.bank : mode 02010082
[LOG] SystemI::createSound                     : FMOD_NONBLOCKING specified.  Putting into queue to be opened asynchronously!
[LOG] AsyncThread::add                         : add sound to async queue : soundi = 000002DE5CACEC28, queue head = 000002DE5CAADD98, queue count = 0
[LOG] SystemI::createSound                     : filename = FMOD/Moments/Build/Desktop/Master.bank : mode 02010082
[LOG] AsyncThread::threadFunc                  : Starting Asynchronous operation on sound 000002DE5CACEC28
[LOG] SystemI::createSound                     : FMOD_NONBLOCKING specified.  Putting into queue to be opened asynchronously!
[LOG] SystemI::createSoundInternal             :     Create name='FMOD/Moments/Build/Desktop/Master.bank', mode=0x02010082
[LOG] AsyncThread::add                         :     add sound to async queue : soundi = 000002DE5CACEDD8, queue head = 000002DE5CAADD98, queue count = 0
[LOG] SystemI::createSoundInternal             :     exinfo->cbsize             = 224
[LOG] SystemI::createSoundInternal             :     exinfo->length             = 5245536
[LOG] SystemI::createSound                     :     filename = FMOD/Moments/Build/Desktop/Master.bank : mode 02010082
[LOG] SystemI::createSoundInternal             :     exinfo->fileoffset         = 35456
[LOG] SystemI::createSound                     :     FMOD_NONBLOCKING specified.  Putting into queue to be opened asynchronously!
[LOG] SystemI::createSoundInternal             :     exinfo->numsubsounds       = 1
[LOG] AsyncThread::add                         :     add sound to async queue : soundi = 000002DDA3A57E68, queue head = 000002DE5CAADD98, queue count = 1
[LOG] SystemI::createSoundInternal             :     exinfo->inclusionlist      = 000002DDA3619B70
[LOG] SystemI::createSoundInternal             :     exinfo->inclusionlistnum   = 1
[LOG] SystemI::createSound                     :     filename = FMOD/Moments/Build/Desktop/Master.bank : mode 02010082
[LOG] SystemI::createSoundInternal             :     exinfo->suggestedsoundtype = 5
[LOG] SystemI::createSound                     :     FMOD_NONBLOCKING specified.  Putting into queue to be opened asynchronously!
[LOG] SystemI::createSoundInternal             :     exinfo->initialseekpostype = 1
[LOG] AsyncThread::add                         :     add sound to async queue : soundi = 000002DDA3A57958, queue head = 000002DE5CAADD98, queue count = 2
[LOG] SystemI::createSound                     :     filename = FMOD/Moments/Build/Desktop/Master.bank : mode 02010082
[LOG] SystemI::createSound                     :     FMOD_NONBLOCKING specified.  Putting into queue to be opened asynchronously!
[LOG] AsyncThread::add                         :     add sound to async queue : soundi = 000002DDCB532908, queue head = 000002DE5CAADD98, queue count = 3
[LOG] SystemI::createSound                     :     filename = FMOD/Moments/Build/Desktop/Master.bank : mode 02010082
[LOG] SystemI::createSound                     :     FMOD_NONBLOCKING specified.  Putting into queue to be opened asynchronously!
[LOG] AsyncThread::add                         :     add sound to async queue : soundi = 000002DDCB5325A8, queue head = 000002DE5CAADD98, queue count = 4
[LOG] SystemI::createSound                     :     filename = FMOD/Moments/Build/Desktop/Master.bank : mode 02010082
[LOG] SystemI::createSound                     :     FMOD_NONBLOCKING specified.  Putting into queue to be opened asynchronously!
[LOG] AsyncThread::add                         :     add sound to async queue : soundi = 000002DDCB532AB8, queue head = 000002DE5CAADD98, queue count = 5
[LOG] SystemI::createSoundInternal             :     Stream 0/1: name='Major project PhoneSF', format=5, channels=2, frequency=48000, lengthbytes=744416, lengthpcm=3395779, pcmblocksize=0, loopstart=0, loopend=0, mode=0x00000000, channelmask=0x00000000, channelorder=0, peakvolume=0.103256.
[LOG] AsyncThread::threadFunc                  : Finished Asynchronous operation on sound 000002DE5CACEC28
[LOG] AsyncThread::threadFunc                  : Starting Asynchronous operation on sound 000002DE5CACEDD8
[LOG] SystemI::createSoundInternal             :     Create name='FMOD/Moments/Build/Desktop/Master.bank', mode=0x02010082
[LOG] SystemI::createSoundInternal             :     exinfo->cbsize             = 224
[LOG] SystemI::createSoundInternal             :     exinfo->length             = 5245536
[LOG] SystemI::createSoundInternal             :     exinfo->fileoffset         = 35456
[LOG] SystemI::createSoundInternal             :     exinfo->numsubsounds       = 1
[LOG] SystemI::createSoundInternal             :     exinfo->inclusionlist      = 000002DDA3619170
[LOG] SystemI::createSoundInternal             :     exinfo->inclusionlistnum   = 1
[LOG] SystemI::createSoundInternal             :     exinfo->suggestedsoundtype = 5
[LOG] SystemI::createSoundInternal             :     exinfo->initialseekpostype = 1
[LOG] SystemI::createSoundInternal             :     Stream 0/1: name='Major project Piano V2', format=5, channels=2, frequency=48000, lengthbytes=672096, lengthpcm=3395779, pcmblocksize=0, loopstart=0, loopend=0, mode=0x00000000, channelmask=0x00000000, channelorder=0, peakvolume=0.625150.
[LOG] AsyncThread::threadFunc                  : Finished Asynchronous operation on sound 000002DE5CACEDD8
[LOG] AsyncThread::threadFunc                  : Starting Asynchronous operation on sound 000002DDA3A57E68
[LOG] SystemI::createSoundInternal             :     Create name='FMOD/Moments/Build/Desktop/Master.bank', mode=0x02010082
[LOG] SystemI::createSoundInternal             :     exinfo->cbsize             = 224
[LOG] SystemI::createSoundInternal             :     exinfo->length             = 5245536
[LOG] SystemI::createSoundInternal             :     exinfo->fileoffset         = 35456
[LOG] SystemI::createSoundInternal             :     exinfo->numsubsounds       = 1
[LOG] SystemI::createSoundInternal             :     exinfo->inclusionlist      = 000002DDA36193F0
[LOG] SystemI::createSoundInternal             :     exinfo->inclusionlistnum   = 1
[LOG] SystemI::createSoundInternal             :     exinfo->suggestedsoundtype = 5
[LOG] SystemI::createSoundInternal             :     exinfo->initialseekpostype = 1
[LOG] SystemI::createSoundInternal             :     Stream 0/1: name='Major project VS Bells', format=5, channels=2, frequency=48000, lengthbytes=664032, lengthpcm=3395779, pcmblocksize=0, loopstart=0, loopend=0, mode=0x00000000, channelmask=0x00000000, channelorder=0, peakvolume=0.428816.
[LOG] AsyncThread::threadFunc                  : Finished Asynchronous operation on sound 000002DDA3A57E68
[LOG] AsyncThread::threadFunc                  : Starting Asynchronous operation on sound 000002DDA3A57958
[LOG] SystemI::createSoundInternal             :     Create name='FMOD/Moments/Build/Desktop/Master.bank', mode=0x02010082
[LOG] SystemI::createSoundInternal             :     exinfo->cbsize             = 224
[LOG] SystemI::createSoundInternal             :     exinfo->length             = 5245536
[LOG] SystemI::createSoundInternal             :     exinfo->fileoffset         = 35456
[LOG] SystemI::createSoundInternal             :     exinfo->numsubsounds       = 1
[LOG] SystemI::createSoundInternal             :     exinfo->inclusionlist      = 000002DDA36192B0
[LOG] SystemI::createSoundInternal             :     exinfo->inclusionlistnum   = 1
[LOG] SystemI::createSoundInternal             :     exinfo->suggestedsoundtype = 5
[LOG] SystemI::createSoundInternal             :     exinfo->initialseekpostype = 1
[LOG] SystemI::createSoundInternal             :     Stream 0/1: name='Major project Viola', format=5, channels=2, frequency=48000, lengthbytes=792352, lengthpcm=3395779, pcmblocksize=0, loopstart=0, loopend=0, mode=0x00000000, channelmask=0x00000000, channelorder=0, peakvolume=0.141677.
[LOG] AsyncThread::threadFunc                  : Finished Asynchronous operation on sound 000002DDA3A57958
[LOG] AsyncThread::threadFunc                  : Starting Asynchronous operation on sound 000002DDCB532908
[LOG] SystemI::createSoundInternal             :     Create name='FMOD/Moments/Build/Desktop/Master.bank', mode=0x02010082
[LOG] SystemI::createSoundInternal             :     exinfo->cbsize             = 224
[LOG] SystemI::createSoundInternal             :     exinfo->length             = 5245536
[LOG] SystemI::createSoundInternal             :     exinfo->fileoffset         = 35456
[LOG] SystemI::createSoundInternal             :     exinfo->numsubsounds       = 1
[LOG] SystemI::createSoundInternal             :     exinfo->inclusionlist      = 000002DDCC0082D0
[LOG] SystemI::createSoundInternal             :     exinfo->inclusionlistnum   = 1
[LOG] SystemI::createSoundInternal             :     exinfo->suggestedsoundtype = 5
[LOG] SystemI::createSoundInternal             :     exinfo->initialseekpostype = 1
[LOG] SystemI::createSoundInternal             :     Stream 0/1: name='Major project PhoneSS', format=5, channels=2, frequency=48000, lengthbytes=675616, lengthpcm=3395779, pcmblocksize=0, loopstart=0, loopend=0, mode=0x00000000, channelmask=0x00000000, channelorder=0, peakvolume=0.100810.
[LOG] AsyncThread::threadFunc                  : Finished Asynchronous operation on sound 000002DDCB532908
[LOG] AsyncThread::threadFunc                  : Starting Asynchronous operation on sound 000002DDCB5325A8
[LOG] SystemI::createSoundInternal             :     Create name='FMOD/Moments/Build/Desktop/Master.bank', mode=0x02010082
[LOG] SystemI::createSoundInternal             :     exinfo->cbsize             = 224
[LOG] SystemI::createSoundInternal             :     exinfo->length             = 5245536
[LOG] SystemI::createSoundInternal             :     exinfo->fileoffset         = 35456
[LOG] SystemI::createSoundInternal             :     exinfo->numsubsounds       = 1
[LOG] SystemI::createSoundInternal             :     exinfo->inclusionlist      = 000002DDCC008410
[LOG] SystemI::createSoundInternal             :     exinfo->inclusionlistnum   = 1
[LOG] SystemI::createSoundInternal             :     exinfo->suggestedsoundtype = 5
[LOG] SystemI::createSoundInternal             :     exinfo->initialseekpostype = 1
[LOG] SystemI::createSoundInternal             :     Stream 0/1: name='Major project Cello', format=5, channels=2, frequency=48000, lengthbytes=801120, lengthpcm=3395779, pcmblocksize=0, loopstart=0, loopend=0, mode=0x00000000, channelmask=0x00000000, channelorder=0, peakvolume=0.379043.
[LOG] AsyncThread::threadFunc                  : Finished Asynchronous operation on sound 000002DDCB5325A8
[LOG] AsyncThread::threadFunc                  : Starting Asynchronous operation on sound 000002DDCB532AB8
[LOG] SystemI::createSoundInternal             :     Create name='FMOD/Moments/Build/Desktop/Master.bank', mode=0x02010082
[LOG] SystemI::createSoundInternal             :     exinfo->cbsize             = 224
[LOG] SystemI::createSoundInternal             :     exinfo->length             = 5245536
[LOG] SystemI::createSoundInternal             :     exinfo->fileoffset         = 35456
[LOG] SystemI::createSoundInternal             :     exinfo->numsubsounds       = 1
[LOG] SystemI::createSoundInternal             :     exinfo->inclusionlist      = 000002DDCC008550
[LOG] SystemI::createSoundInternal             :     exinfo->inclusionlistnum   = 1
[LOG] SystemI::createSoundInternal             :     exinfo->suggestedsoundtype = 5
[LOG] SystemI::createSoundInternal             :     exinfo->initialseekpostype = 1
[LOG] SystemI::createSoundInternal             :     Stream 0/1: name='Major project Voilin', format=5, channels=2, frequency=48000, lengthbytes=861024, lengthpcm=3395779, pcmblocksize=0, loopstart=0, loopend=0, mode=0x00000000, channelmask=0x00000000, channelorder=0, peakvolume=0.108371.
[LOG] AsyncThread::threadFunc                  : Finished Asynchronous operation on sound 000002DDCB532AB8
[LOG] SoundI::release                          : Major project Voilin (000002DE5CACEA78)
[LOG] SoundI::release                          :     Major project Voilin (000002DDA0AD0C98)
[LOG] SoundI::release                          :     Major project Voilin (000002DDA07583E8)
[LOG] SoundI::release                          : Major project Cello (000002DE5CACF498)
[LOG] SoundI::release                          :     Major project Cello (000002DDA0ACE8D8)
[LOG] SoundI::release                          :     Major project Cello (000002DDCB8C7FB8)
[LOG] SoundI::release                          : Major project PhoneSS (000002DE5CACF2E8)
[LOG] SoundI::release                          :     Major project PhoneSS (000002DDA0ACF778)
[LOG] SoundI::release                          :     Major project PhoneSS (000002DEB68D40A8)
[LOG] SoundI::release                          : Major project Viola (000002DE5CACEF88)
[LOG] SoundI::release                          :     Major project Viola (000002DDA0ACF5D8)
[LOG] SoundI::release                          :     Major project Viola (000002DEB68D4768)
[LOG] SoundI::release                          : Major project VS Bells (000002DDA3A577A8)
[LOG] SoundI::release                          :     Major project VS Bells (000002DDA0ACFF98)
[LOG] SoundI::release                          :     Major project VS Bells (000002DEB68D4E28)
[LOG] SoundI::release                          : Major project Piano V2 (000002DDA3A581C8)
[LOG] SoundI::release                          :     Major project Piano V2 (000002DDA0ACF298)
[LOG] SoundI::release                          :     Major project Piano V2 (000002DEB68D4C78)
[LOG] SoundI::release                          : Major project PhoneSF (000002DDA3A58018)
[LOG] SoundI::release                          :     Major project PhoneSF (000002DDA0AD0FD8)
[LOG] SoundI::release                          :     Major project PhoneSF (000002DEB68D45B8)
[LOG] SoundI::release                          : Major project Voilin (000002DDCB532AB8)
[LOG] SoundI::release                          :     Major project Voilin (000002DD2FDBD418)
[LOG] SoundI::release                          :     Major project Voilin (000002DDA0758598)
[LOG] SoundI::release                          : Major project Cello (000002DDCB5325A8)
[LOG] SoundI::release                          :     Major project Cello (000002DD2FDBC718)
[LOG] SoundI::release                          :     Major project Cello (000002DDA0758C58)
[LOG] SoundI::release                          : Major project PhoneSS (000002DDCB532908)
[LOG] SoundI::release                          :     Major project PhoneSS (000002DD2FDE8428)
[LOG] SoundI::release                          :     Major project PhoneSS (000002DDA0758238)
[LOG] SoundI::release                          : Major project Viola (000002DDA3A57958)
[LOG] SoundI::release                          :     Major project Viola (000002DD2FDE9948)
[LOG] SoundI::release                          :     Major project Viola (000002DDA0758AA8)
[LOG] SoundI::release                          : Major project VS Bells (000002DDA3A57E68)
[LOG] SoundI::release                          :     Major project VS Bells (000002DD2FDE8288)
[LOG] SoundI::release                          :     Major project VS Bells (000002DDA07588F8)
[LOG] SoundI::release                          : Major project Piano V2 (000002DE5CACEDD8)
[LOG] SoundI::release                          :     Major project Piano V2 (000002DD2FDE9128)
[LOG] SoundI::release                          :     Major project Piano V2 (000002DDA0758748)
[LOG] SoundI::release                          : Major project PhoneSF (000002DE5CACEC28)
[LOG] SoundI::release                          :     Major project PhoneSF (000002DDA0AD07B8)
[LOG] SoundI::release                          :     Major project PhoneSF (000002DDA0758088)
[LOG] Thread::callback                         : FMOD Studio bank load thread finished.
[LOG] Thread::callback                         : FMOD Studio sample load thread finished.
[LOG] LiveUpdate::release                      : 
[LOG] LiveUpdate::reset                        : Reset connection (reason Disconnected)
[LOG] Thread::callback                         : FMOD stream thread finished.
[LOG] Thread::callback                         : FMOD mixer thread finished.
[LOG] SystemI::close                           : Closed.
[LOG] Thread::callback                         : FMOD nonblocking thread (0) finished.
[LOG] Thread::callback                         : FMOD file thread finished.
